ca65 V2.19 - Git e5f4ca6
Main file   : data_nsf.s
Current file: data_nsf.s

000000r 1               .export _BGM0
000000r 1               .export _DPCMinfo
000000r 1               
000000r 1               .segment "MUSDATA"
000000r 1               
000000r 1               _BGM0:
000000r 1  53 45 51     	.byte	"SEQ"
000003r 1               	;.incbin "test.bin"
000003r 1               	;トラックの開始アドレス。とりあえずわかりづらいのでゼロ埋めしておく
000003r 1               	;.byte	$04, $20, $00, $02, $30, $00, $02, $50, $00, $03, $70, $00, $04, $00, $00, $00
000003r 1               	;音量エンベロープ
000003r 1               	;.byte	$06, $06, $0f, $01, $06, $01, $00, $00, $06, $06, $0f, $02, $07, $02, $00, $01
000003r 1               	;以下シーケンスデータ
000003r 1               	;.byte	$ed, $71, $06, $f6, $00, $f0, $00, $60, $38, $7f, $00, $00, $00, $00, $00, $00
000003r 1               	;.byte	$ed, $70, $01, $ee, $04, $32, $32, $b0, $06, $32, $6c, $30, $32, $6c, $32, $b0
000003r 1               	;.byte	$06, $32, $6c, $b5, $06, $7f, $00, $00, $00, $00, $00, $00, $00, $00, $00, $00
000003r 1               	;.byte	$ed, $ee, $04, $76, $00, $79, $10, $00, $00, $01, $01, $79, $18, $00, $00, $81
000003r 1               	;.byte	$06, $7f, $00, $00, $00, $00, $00, $00, $00, $00, $00, $00, $00, $00, $00, $00
000003r 1               	;.byte	$ed, $76, $00, $28, $0f, $7f, $00, $00, $00, $00, $00, $00, $00, $00, $00, $00
000003r 1               
000003r 1               	;トラックの開始アドレス。とりあえずわかりづらいのでゼロ埋めしておく
000003r 1               	;.byte	$10, $00, $20, $00, $30, $00, $00, $00, $00, $00, $00, $00, $00, $00, $00, $00
000003r 1               	;音量エンベロープ
000003r 1               	;.byte	$02, $02, $ff, $01, $66, $00, $00, $00, $00, $00, $00, $00, $00, $00, $00, $00
000003r 1               	;以下シーケンスデータ
000003r 1               	;.byte	$ed, $78, $00, $0c, $00, $74, $b0, $0a, $7f, $00, $00, $00, $00, $00, $00, $00
000003r 1               	;.byte	$7f, $00, $00, $00, $00, $00, $00, $00, $00, $00, $00, $00, $00, $00, $00, $00
000003r 1               	;.byte	$7f, $00, $00, $00, $00, $00, $00, $00, $00, $00, $00, $00, $00, $00, $00, $00
000003r 1               
000003r 1               	;トラックの開始アドレス
000003r 1               	;.byte	$40, $00, $80, $00, $b0, $00, $d0, $00, $00, $00, $00, $00, $00, $00, $00, $00
000003r 1               	;音量エンベロープ
000003r 1               	;.byte	$05, $05, $0f, $02, $07, $04, $00, $00, $04, $04, $0f, $04, $0b, $05, $00, $00
000003r 1               	;音程エンベロープ
000003r 1               	;.byte	$02, $0e, $00, $02, $02, $02, $04, $02, $02, $02, $fe, $02, $fc, $02, $fe, $02
000003r 1               	;.byte	$0e, $0e, $00, $01, $10, $01, $20, $01, $30, $01, $40, $01, $50, $01, $60, $01
000003r 1               	;以下シーケンスデータ
000003r 1               	;.byte	$ed, $77, $06, $6d, $02, $76, $03, $70, $01, $ef, $0e, $44, $44, $c2, $07, $42
000003r 1               	;.byte	$c2, $05, $c2, $07, $c2, $05, $ec, $07, $6f, $7b, $20, $00, $00, $40, $7c, $c0
000003r 1               	;.byte	$05, $c0, $05, $c0, $05, $c2, $05, $6e, $7b, $20, $00, $00, $41, $7c, $c1, $05
000003r 1               	;.byte	$c1, $05, $c1, $05, $c2, $05, $7f, $00, $00, $00, $00, $00, $00, $00, $00, $00
000003r 1               
000003r 1               	;.byte	$ed, $76, $01, $70, $01, $ef, $0a, $3d, $3d, $bc, $07, $3c, $bc, $05, $bb, $07
000003r 1               	;.byte	$bb, $05 ,$ec, $07, $7b, $20, $00, $00, $38, $7c, $b8, $05, $b8, $05, $b8, $05
000003r 1               	;.byte	$bf, $05, $7f, $00, $00, $00, $00, $00, $00, $00, $00, $00, $00, $00, $00, $00
000003r 1               
000003r 1               	;.byte	$ed, $ee, $05, $70, $01, $6d, $02, $b9, $07, $39, $39, $45, $39, $6e, $b8, $07
000003r 1               	;.byte	$38, $38, $44, $38, $3d, $49, $3d, $3d, $7b, $30, $00, $00, $49, $49, $7c, $7f
000003r 1               
000003r 1               	;.byte	$ed, $ee, $05, $76, $00, $79, $10, $00, $00, $01, $01, $01, $79, $18, $00, $00
000003r 1               	;.byte	$07, $79, $10, $00, $00, $02, $02, $7f, $00, $00, $00, $00, $00, $00, $00, $00
000003r 1               
000003r 1               .segment "PCMDATA"
000000r 1               
000000r 1               _DPCMinfo:
000000r 1  44 50 43 4D  	.byte	"DPCM"
000004r 1               	;.incbin	"C:\Programs\mck\Mumml\prog\dmc\tight909kick_v60.dmc"
000004r 1               ;	;.incbin "C:\Programs\mck\Mumml\prog\dmc\cowbell.dmc"
000004r 1               
000004r 1               .segment "CHARS"
000004r 1               
