ca65 V2.19 - Git e5f4ca6
Main file   : nsf.s
Current file: nsf.s

000000r 1               .segment	"HEADER"
000000r 1               
000000r 1  4E 45 53 4D  	.byte	$4e,$45,$53,$4d,$1a,$01,$00,$01,$00,$00,$00,$00,$00,$00,$00,$00
000004r 1  1A 01 00 01  
000008r 1  00 00 00 00  
00000Cr 1  00 00 00 00  
000010r 1  00 00 00 00  	.byte	$00,$00,$00,$00,$00,$00,$00,$00,$00,$00,$00,$00,$00,$00,$00,$00
000014r 1  00 00 00 00  
000018r 1  00 00 00 00  
00001Cr 1  00 00 00 00  
000020r 1  00 00 00 00  	.byte	$00,$00,$00,$00,$00,$00,$00,$00,$00,$00,$00,$00,$00,$00,$00,$00
000024r 1  00 00 00 00  
000028r 1  00 00 00 00  
00002Cr 1  00 00 00 00  
000030r 1  00 00 00 00  	.byte	$00,$00,$00,$00,$00,$00,$00,$00,$00,$00,$00,$00,$00,$00,$00,$00
000034r 1  00 00 00 00  
000038r 1  00 00 00 00  
00003Cr 1  00 00 00 00  
000040r 1  00 00 00 00  	.byte	$00,$00,$00,$00,$00,$00,$00,$00,$00,$00,$00,$00,$00,$00,$00,$00
000044r 1  00 00 00 00  
000048r 1  00 00 00 00  
00004Cr 1  00 00 00 00  
000050r 1  00 00 00 00  	.byte	$00,$00,$00,$00,$00,$00,$00,$00,$00,$00,$00,$00,$00,$00,$41,$1a
000054r 1  00 00 00 00  
000058r 1  00 00 00 00  
00005Cr 1  00 00 41 1A  
000060r 1  00 00 00 00  	.byte	$00,$00,$00,$00,$00,$00,$00,$00,$00,$00,$00,$00,$00,$00,$00,$00
000064r 1  00 00 00 00  
000068r 1  00 00 00 00  
00006Cr 1  00 00 00 00  
000070r 1  00 00 00 00  	.byte	$00,$00,$00,$00,$00,$00,$00,$00,$4e,$20,$00,$00,$00,$00,$00,$00
000074r 1  00 00 00 00  
000078r 1  4E 20 00 00  
00007Cr 1  00 00 00 00  
00007Fr 1               
